src/aces_cap.cpp:1:0: information: Include file: <Kokkos_Core.hpp> not found. Please note: Cppcheck does not need standard library headers to get proper results. [missingIncludeSystem]
#include <Kokkos_Core.hpp>
^
src/aces_cap.cpp:2:0: information: Include file: <algorithm> not found. Please note: Cppcheck does not need standard library headers to get proper results. [missingIncludeSystem]
#include <algorithm>
^
src/aces_cap.cpp:3:0: information: Include file: <iostream> not found. Please note: Cppcheck does not need standard library headers to get proper results. [missingIncludeSystem]
#include <iostream>
^
src/aces_cap.cpp:4:0: information: Include file: <iterator> not found. Please note: Cppcheck does not need standard library headers to get proper results. [missingIncludeSystem]
#include <iterator>
^
src/aces_cap.cpp:5:0: information: Include file: <memory> not found. Please note: Cppcheck does not need standard library headers to get proper results. [missingIncludeSystem]
#include <memory>
^
src/aces_cap.cpp:6:0: information: Include file: <set> not found. Please note: Cppcheck does not need standard library headers to get proper results. [missingIncludeSystem]
#include <set>
^
src/aces_cap.cpp:7:0: information: Include file: <vector> not found. Please note: Cppcheck does not need standard library headers to get proper results. [missingIncludeSystem]
#include <vector>
^
include/aces/aces.hpp:9:0: information: Include file: "ESMC.h" not found. [missingInclude]
#include "ESMC.h"
^
include/aces/aces.hpp:10:0: information: Include file: "NUOPC.h" not found. [missingInclude]
#include "NUOPC.h"
^
include/aces/aces_compute.hpp:4:0: information: Include file: <Kokkos_Core.hpp> not found. Please note: Cppcheck does not need standard library headers to get proper results. [missingIncludeSystem]
#include <Kokkos_Core.hpp>
^
include/aces/aces_compute.hpp:5:0: information: Include file: <Kokkos_DualView.hpp> not found. Please note: Cppcheck does not need standard library headers to get proper results. [missingIncludeSystem]
#include <Kokkos_DualView.hpp>
^
include/aces/aces_compute.hpp:6:0: information: Include file: <functional> not found. Please note: Cppcheck does not need standard library headers to get proper results. [missingIncludeSystem]
#include <functional>
^
include/aces/aces_compute.hpp:7:0: information: Include file: <string> not found. Please note: Cppcheck does not need standard library headers to get proper results. [missingIncludeSystem]
#include <string>
^
include/aces/aces_config.hpp:9:0: information: Include file: <yaml-cpp/yaml.h> not found. Please note: Cppcheck does not need standard library headers to get proper results. [missingIncludeSystem]
#include <yaml-cpp/yaml.h>
^
include/aces/aces_config.hpp:11:0: information: Include file: <map> not found. Please note: Cppcheck does not need standard library headers to get proper results. [missingIncludeSystem]
#include <map>
^
include/aces/aces_config.hpp:12:0: information: Include file: <string> not found. Please note: Cppcheck does not need standard library headers to get proper results. [missingIncludeSystem]
#include <string>
^
include/aces/aces_config.hpp:13:0: information: Include file: <vector> not found. Please note: Cppcheck does not need standard library headers to get proper results. [missingIncludeSystem]
#include <vector>
^
include/aces/aces_data_ingestor.hpp:9:0: information: Include file: "ESMC.h" not found. [missingInclude]
#include "ESMC.h"
^
include/aces/aces_state.hpp:9:0: information: Include file: <iostream> not found. Please note: Cppcheck does not need standard library headers to get proper results. [missingIncludeSystem]
#include <iostream>
^
include/aces/aces_state.hpp:10:0: information: Include file: <map> not found. Please note: Cppcheck does not need standard library headers to get proper results. [missingIncludeSystem]
#include <map>
^
include/aces/aces_state.hpp:11:0: information: Include file: <string> not found. Please note: Cppcheck does not need standard library headers to get proper results. [missingIncludeSystem]
#include <string>
^
include/aces/aces_diagnostics.hpp:4:0: information: Include file: <map> not found. Please note: Cppcheck does not need standard library headers to get proper results. [missingIncludeSystem]
#include <map>
^
include/aces/aces_diagnostics.hpp:5:0: information: Include file: <string> not found. Please note: Cppcheck does not need standard library headers to get proper results. [missingIncludeSystem]
#include <string>
^
include/aces/aces_diagnostics.hpp:6:0: information: Include file: <vector> not found. Please note: Cppcheck does not need standard library headers to get proper results. [missingIncludeSystem]
#include <vector>
^
include/aces/aces_diagnostics.hpp:8:0: information: Include file: "ESMC.h" not found. [missingInclude]
#include "ESMC.h"
^
include/aces/aces_physics_factory.hpp:4:0: information: Include file: <memory> not found. Please note: Cppcheck does not need standard library headers to get proper results. [missingIncludeSystem]
#include <memory>
^
include/aces/aces_physics_factory.hpp:5:0: information: Include file: <string> not found. Please note: Cppcheck does not need standard library headers to get proper results. [missingIncludeSystem]
#include <string>
^
include/aces/aces_physics_factory.hpp:6:0: information: Include file: <vector> not found. Please note: Cppcheck does not need standard library headers to get proper results. [missingIncludeSystem]
#include <vector>
^
include/aces/physics_scheme.hpp:4:0: information: Include file: <yaml-cpp/yaml.h> not found. Please note: Cppcheck does not need standard library headers to get proper results. [missingIncludeSystem]
#include <yaml-cpp/yaml.h>
^
include/aces/physics_scheme.hpp:6:0: information: Include file: <memory> not found. Please note: Cppcheck does not need standard library headers to get proper results. [missingIncludeSystem]
#include <memory>
^
include/aces/aces_utils.hpp:9:0: information: Include file: "ESMC.h" not found. [missingInclude]
#include "ESMC.h"
^
src/aces_compute.cpp:3:0: information: Include file: <Kokkos_Core.hpp> not found. Please note: Cppcheck does not need standard library headers to get proper results. [missingIncludeSystem]
#include <Kokkos_Core.hpp>
^
src/aces_compute.cpp:4:0: information: Include file: <algorithm> not found. Please note: Cppcheck does not need standard library headers to get proper results. [missingIncludeSystem]
#include <algorithm>
^
src/aces_compute.cpp:5:0: information: Include file: <iostream> not found. Please note: Cppcheck does not need standard library headers to get proper results. [missingIncludeSystem]
#include <iostream>
^
src/aces_compute.cpp:6:0: information: Include file: <map> not found. Please note: Cppcheck does not need standard library headers to get proper results. [missingIncludeSystem]
#include <map>
^
src/aces_config_parser.cpp:1:0: information: Include file: <yaml-cpp/yaml.h> not found. Please note: Cppcheck does not need standard library headers to get proper results. [missingIncludeSystem]
#include <yaml-cpp/yaml.h>
^
src/aces_config_parser.cpp:3:0: information: Include file: <iostream> not found. Please note: Cppcheck does not need standard library headers to get proper results. [missingIncludeSystem]
#include <iostream>
^
src/aces_physics_factory.cpp:3:0: information: Include file: <iostream> not found. Please note: Cppcheck does not need standard library headers to get proper results. [missingIncludeSystem]
#include <iostream>
^
src/io/aces_data_ingestor.cpp:3:0: information: Include file: <cstdio> not found. Please note: Cppcheck does not need standard library headers to get proper results. [missingIncludeSystem]
#include <cstdio>
^
src/io/aces_data_ingestor.cpp:4:0: information: Include file: <fstream> not found. Please note: Cppcheck does not need standard library headers to get proper results. [missingIncludeSystem]
#include <fstream>
^
src/io/aces_data_ingestor.cpp:5:0: information: Include file: <iostream> not found. Please note: Cppcheck does not need standard library headers to get proper results. [missingIncludeSystem]
#include <iostream>
^
src/io/aces_data_ingestor.cpp:6:0: information: Include file: <vector> not found. Please note: Cppcheck does not need standard library headers to get proper results. [missingIncludeSystem]
#include <vector>
^
src/io/aces_diagnostic_writer.cpp:1:0: information: Include file: <iostream> not found. Please note: Cppcheck does not need standard library headers to get proper results. [missingIncludeSystem]
#include <iostream>
^
src/io/aces_diagnostic_writer.cpp:2:0: information: Include file: <vector> not found. Please note: Cppcheck does not need standard library headers to get proper results. [missingIncludeSystem]
#include <vector>
^
src/io/aces_diagnostic_writer.cpp:4:0: information: Include file: "ESMC.h" not found. [missingInclude]
#include "ESMC.h"
^
src/physics/aces_dms.cpp:3:0: information: Include file: <Kokkos_Core.hpp> not found. Please note: Cppcheck does not need standard library headers to get proper results. [missingIncludeSystem]
#include <Kokkos_Core.hpp>
^
src/physics/aces_dms.cpp:4:0: information: Include file: <algorithm> not found. Please note: Cppcheck does not need standard library headers to get proper results. [missingIncludeSystem]
#include <algorithm>
^
src/physics/aces_dms.cpp:5:0: information: Include file: <cmath> not found. Please note: Cppcheck does not need standard library headers to get proper results. [missingIncludeSystem]
#include <cmath>
^
src/physics/aces_dms.cpp:6:0: information: Include file: <iostream> not found. Please note: Cppcheck does not need standard library headers to get proper results. [missingIncludeSystem]
#include <iostream>
^
src/physics/aces_dms_fortran_bridge.cpp:1:0: information: Include file: <Kokkos_Core.hpp> not found. Please note: Cppcheck does not need standard library headers to get proper results. [missingIncludeSystem]
#include <Kokkos_Core.hpp>
^
src/physics/aces_dms_fortran_bridge.cpp:2:0: information: Include file: <iostream> not found. Please note: Cppcheck does not need standard library headers to get proper results. [missingIncludeSystem]
#include <iostream>
^
src/physics/aces_fortran_bridge.cpp:3:0: information: Include file: <Kokkos_Core.hpp> not found. Please note: Cppcheck does not need standard library headers to get proper results. [missingIncludeSystem]
#include <Kokkos_Core.hpp>
^
src/physics/aces_fortran_bridge.cpp:4:0: information: Include file: <iostream> not found. Please note: Cppcheck does not need standard library headers to get proper results. [missingIncludeSystem]
#include <iostream>
^
src/physics/aces_lightning.cpp:3:0: information: Include file: <Kokkos_Core.hpp> not found. Please note: Cppcheck does not need standard library headers to get proper results. [missingIncludeSystem]
#include <Kokkos_Core.hpp>
^
src/physics/aces_lightning.cpp:4:0: information: Include file: <algorithm> not found. Please note: Cppcheck does not need standard library headers to get proper results. [missingIncludeSystem]
#include <algorithm>
^
src/physics/aces_lightning.cpp:5:0: information: Include file: <cmath> not found. Please note: Cppcheck does not need standard library headers to get proper results. [missingIncludeSystem]
#include <cmath>
^
src/physics/aces_lightning.cpp:6:0: information: Include file: <iostream> not found. Please note: Cppcheck does not need standard library headers to get proper results. [missingIncludeSystem]
#include <iostream>
^
src/physics/aces_lightning_fortran_bridge.cpp:1:0: information: Include file: <Kokkos_Core.hpp> not found. Please note: Cppcheck does not need standard library headers to get proper results. [missingIncludeSystem]
#include <Kokkos_Core.hpp>
^
src/physics/aces_lightning_fortran_bridge.cpp:2:0: information: Include file: <iostream> not found. Please note: Cppcheck does not need standard library headers to get proper results. [missingIncludeSystem]
#include <iostream>
^
src/physics/aces_megan.cpp:3:0: information: Include file: <Kokkos_Core.hpp> not found. Please note: Cppcheck does not need standard library headers to get proper results. [missingIncludeSystem]
#include <Kokkos_Core.hpp>
^
src/physics/aces_megan.cpp:4:0: information: Include file: <algorithm> not found. Please note: Cppcheck does not need standard library headers to get proper results. [missingIncludeSystem]
#include <algorithm>
^
src/physics/aces_megan.cpp:5:0: information: Include file: <cmath> not found. Please note: Cppcheck does not need standard library headers to get proper results. [missingIncludeSystem]
#include <cmath>
^
src/physics/aces_megan.cpp:6:0: information: Include file: <iostream> not found. Please note: Cppcheck does not need standard library headers to get proper results. [missingIncludeSystem]
#include <iostream>
^
src/physics/aces_megan_fortran_bridge.cpp:1:0: information: Include file: <Kokkos_Core.hpp> not found. Please note: Cppcheck does not need standard library headers to get proper results. [missingIncludeSystem]
#include <Kokkos_Core.hpp>
^
src/physics/aces_megan_fortran_bridge.cpp:2:0: information: Include file: <iostream> not found. Please note: Cppcheck does not need standard library headers to get proper results. [missingIncludeSystem]
#include <iostream>
^
src/physics/aces_native_example.cpp:3:0: information: Include file: <Kokkos_Core.hpp> not found. Please note: Cppcheck does not need standard library headers to get proper results. [missingIncludeSystem]
#include <Kokkos_Core.hpp>
^
src/physics/aces_native_example.cpp:4:0: information: Include file: <iostream> not found. Please note: Cppcheck does not need standard library headers to get proper results. [missingIncludeSystem]
#include <iostream>
^
src/physics/aces_sea_salt.cpp:3:0: information: Include file: <Kokkos_Core.hpp> not found. Please note: Cppcheck does not need standard library headers to get proper results. [missingIncludeSystem]
#include <Kokkos_Core.hpp>
^
src/physics/aces_sea_salt.cpp:4:0: information: Include file: <algorithm> not found. Please note: Cppcheck does not need standard library headers to get proper results. [missingIncludeSystem]
#include <algorithm>
^
src/physics/aces_sea_salt.cpp:5:0: information: Include file: <cmath> not found. Please note: Cppcheck does not need standard library headers to get proper results. [missingIncludeSystem]
#include <cmath>
^
src/physics/aces_sea_salt.cpp:6:0: information: Include file: <iostream> not found. Please note: Cppcheck does not need standard library headers to get proper results. [missingIncludeSystem]
#include <iostream>
^
src/physics/aces_sea_salt_fortran_bridge.cpp:1:0: information: Include file: <Kokkos_Core.hpp> not found. Please note: Cppcheck does not need standard library headers to get proper results. [missingIncludeSystem]
#include <Kokkos_Core.hpp>
^
src/physics/aces_sea_salt_fortran_bridge.cpp:2:0: information: Include file: <iostream> not found. Please note: Cppcheck does not need standard library headers to get proper results. [missingIncludeSystem]
#include <iostream>
^
src/physics/aces_soil_nox.cpp:3:0: information: Include file: <Kokkos_Core.hpp> not found. Please note: Cppcheck does not need standard library headers to get proper results. [missingIncludeSystem]
#include <Kokkos_Core.hpp>
^
src/physics/aces_soil_nox.cpp:4:0: information: Include file: <algorithm> not found. Please note: Cppcheck does not need standard library headers to get proper results. [missingIncludeSystem]
#include <algorithm>
^
src/physics/aces_soil_nox.cpp:5:0: information: Include file: <cmath> not found. Please note: Cppcheck does not need standard library headers to get proper results. [missingIncludeSystem]
#include <cmath>
^
src/physics/aces_soil_nox.cpp:6:0: information: Include file: <iostream> not found. Please note: Cppcheck does not need standard library headers to get proper results. [missingIncludeSystem]
#include <iostream>
^
src/physics/aces_soil_nox.cpp:70:16: style: The scope of the variable 'emiss' can be reduced. [variableScope]
        double emiss = A_BIOME_WET * UNITCONV * t_term * w_term * pulse;
               ^
src/physics/aces_soil_nox_fortran_bridge.cpp:1:0: information: Include file: <Kokkos_Core.hpp> not found. Please note: Cppcheck does not need standard library headers to get proper results. [missingIncludeSystem]
#include <Kokkos_Core.hpp>
^
src/physics/aces_soil_nox_fortran_bridge.cpp:2:0: information: Include file: <iostream> not found. Please note: Cppcheck does not need standard library headers to get proper results. [missingIncludeSystem]
#include <iostream>
^
tests/example_driver.cpp:1:0: information: Include file: <cmath> not found. Please note: Cppcheck does not need standard library headers to get proper results. [missingIncludeSystem]
#include <cmath>
^
tests/example_driver.cpp:2:0: information: Include file: <cstdio> not found. Please note: Cppcheck does not need standard library headers to get proper results. [missingIncludeSystem]
#include <cstdio>
^
tests/example_driver.cpp:3:0: information: Include file: <cstdlib> not found. Please note: Cppcheck does not need standard library headers to get proper results. [missingIncludeSystem]
#include <cstdlib>
^
tests/example_driver.cpp:4:0: information: Include file: <iostream> not found. Please note: Cppcheck does not need standard library headers to get proper results. [missingIncludeSystem]
#include <iostream>
^
tests/example_driver.cpp:5:0: information: Include file: <vector> not found. Please note: Cppcheck does not need standard library headers to get proper results. [missingIncludeSystem]
#include <vector>
^
tests/example_driver.cpp:7:0: information: Include file: "ESMC.h" not found. [missingInclude]
#include "ESMC.h"
^
tests/example_driver.cpp:48:22: style: C-style pointer casting [cstyleCast]
  double* temp_ptr = (double*)ESMC_FieldGetPtr(f_temp, 0, &rc);
                     ^
tests/example_driver.cpp:49:22: style: C-style pointer casting [cstyleCast]
  double* wind_ptr = (double*)ESMC_FieldGetPtr(f_wind, 0, &rc);
                     ^
tests/example_driver.cpp:70:24: style: C-style pointer casting [cstyleCast]
  double* anthro_ptr = (double*)ESMC_FieldGetPtr(f_anthro, 0, &rc);
                       ^
tests/example_driver.cpp:133:18: style: C-style pointer casting [cstyleCast]
  acesComp.ptr = (void*)0x1;  // Standalone dummy handle used for state tracking
                 ^
tests/example_driver.cpp:161:25: style: C-style pointer casting [cstyleCast]
    double* total_ptr = (double*)ESMC_FieldGetPtr(f_total, 0, &rc);
                        ^
tests/example_driver.cpp:161:13: style: Variable 'total_ptr' can be declared as pointer to const [constVariablePointer]
    double* total_ptr = (double*)ESMC_FieldGetPtr(f_total, 0, &rc);
            ^
tests/test_aces_cap.cpp:1:0: information: Include file: <gtest/gtest.h> not found. Please note: Cppcheck does not need standard library headers to get proper results. [missingIncludeSystem]
#include <gtest/gtest.h>
^
tests/test_aces_cap.cpp:3:0: information: Include file: <cstring> not found. Please note: Cppcheck does not need standard library headers to get proper results. [missingIncludeSystem]
#include <cstring>  // for memset
^
tests/test_aces_cap.cpp:4:0: information: Include file: <fstream> not found. Please note: Cppcheck does not need standard library headers to get proper results. [missingIncludeSystem]
#include <fstream>
^
tests/test_aces_cap.cpp:5:0: information: Include file: <iostream> not found. Please note: Cppcheck does not need standard library headers to get proper results. [missingIncludeSystem]
#include <iostream>
^
tests/test_aces_cap.cpp:7:0: information: Include file: "ESMC.h" not found. [missingInclude]
#include "ESMC.h"
^
tests/test_aces_compute.cpp:1:0: information: Include file: <gtest/gtest.h> not found. Please note: Cppcheck does not need standard library headers to get proper results. [missingIncludeSystem]
#include <gtest/gtest.h>
^
tests/test_aces_compute.cpp:3:0: information: Include file: <Kokkos_Core.hpp> not found. Please note: Cppcheck does not need standard library headers to get proper results. [missingIncludeSystem]
#include <Kokkos_Core.hpp>
^
tests/test_aces_compute.cpp:4:0: information: Include file: <fstream> not found. Please note: Cppcheck does not need standard library headers to get proper results. [missingIncludeSystem]
#include <fstream>
^
tests/test_aces_compute.cpp:5:0: information: Include file: <map> not found. Please note: Cppcheck does not need standard library headers to get proper results. [missingIncludeSystem]
#include <map>
^
tests/test_aces_compute.cpp:78:1: error: syntax error [syntaxError]
TEST_F(AcesComputeTest, BranchlessReplaceLogic) {
^
tests/test_aces_ingestor.cpp:1:0: information: Include file: <gtest/gtest.h> not found. Please note: Cppcheck does not need standard library headers to get proper results. [missingIncludeSystem]
#include <gtest/gtest.h>
^
tests/test_aces_ingestor.cpp:3:0: information: Include file: <Kokkos_Core.hpp> not found. Please note: Cppcheck does not need standard library headers to get proper results. [missingIncludeSystem]
#include <Kokkos_Core.hpp>
^
tests/test_aces_ingestor.cpp:4:0: information: Include file: <fstream> not found. Please note: Cppcheck does not need standard library headers to get proper results. [missingIncludeSystem]
#include <fstream>
^
tests/test_aces_ingestor.cpp:5:0: information: Include file: <vector> not found. Please note: Cppcheck does not need standard library headers to get proper results. [missingIncludeSystem]
#include <vector>
^
tests/test_aces_ingestor.cpp:27:1: error: syntax error [syntaxError]
TEST_F(IngestorTest, IngestMeteorologyHandlesNull) {
^
tests/test_aces_utils.cpp:1:0: information: Include file: <gtest/gtest.h> not found. Please note: Cppcheck does not need standard library headers to get proper results. [missingIncludeSystem]
#include <gtest/gtest.h>
^
tests/test_aces_utils.cpp:3:0: information: Include file: <Kokkos_Core.hpp> not found. Please note: Cppcheck does not need standard library headers to get proper results. [missingIncludeSystem]
#include <Kokkos_Core.hpp>
^
tests/test_aces_utils.cpp:4:0: information: Include file: <algorithm> not found. Please note: Cppcheck does not need standard library headers to get proper results. [missingIncludeSystem]
#include <algorithm>
^
tests/test_aces_utils.cpp:5:0: information: Include file: <cstring> not found. Please note: Cppcheck does not need standard library headers to get proper results. [missingIncludeSystem]
#include <cstring>
^
tests/test_aces_utils.cpp:6:0: information: Include file: <vector> not found. Please note: Cppcheck does not need standard library headers to get proper results. [missingIncludeSystem]
#include <vector>
^
tests/test_aces_utils.cpp:22:1: error: syntax error [syntaxError]
TEST_F(AcesUtilsTest, WrapESMCFieldUpdatesRawData) {
^
tests/test_diagnostics.cpp:1:0: information: Include file: <ESMC.h> not found. Please note: Cppcheck does not need standard library headers to get proper results. [missingIncludeSystem]
#include <ESMC.h>
^
tests/test_diagnostics.cpp:2:0: information: Include file: <gtest/gtest.h> not found. Please note: Cppcheck does not need standard library headers to get proper results. [missingIncludeSystem]
#include <gtest/gtest.h>
^
tests/test_diagnostics.cpp:3:0: information: Include file: <yaml-cpp/yaml.h> not found. Please note: Cppcheck does not need standard library headers to get proper results. [missingIncludeSystem]
#include <yaml-cpp/yaml.h>
^
tests/test_diagnostics.cpp:5:0: information: Include file: <Kokkos_Core.hpp> not found. Please note: Cppcheck does not need standard library headers to get proper results. [missingIncludeSystem]
#include <Kokkos_Core.hpp>
^
tests/test_diagnostics.cpp:6:0: information: Include file: <cstring> not found. Please note: Cppcheck does not need standard library headers to get proper results. [missingIncludeSystem]
#include <cstring>
^
tests/test_diagnostics.cpp:7:0: information: Include file: <fstream> not found. Please note: Cppcheck does not need standard library headers to get proper results. [missingIncludeSystem]
#include <fstream>
^
tests/test_diagnostics.cpp:51:24: style: C-style pointer casting [cstyleCast]
  template_field.ptr = (void*)0xDEADBEEF;  // Mock pointer to satisfy null check
                       ^
tests/test_diagnostics.cpp:46:25: style: Variable 'diag_config.variables' is assigned a value that is never used. [unreadVariable]
  diag_config.variables = {"test_diag"};
                        ^
tests/test_diagnostics.cpp:47:39: style: Variable 'diag_config.output_interval_seconds' is assigned a value that is never used. [unreadVariable]
  diag_config.output_interval_seconds = 0;  // Force immediate
                                      ^
tests/test_physics.cpp:1:0: information: Include file: <gtest/gtest.h> not found. Please note: Cppcheck does not need standard library headers to get proper results. [missingIncludeSystem]
#include <gtest/gtest.h>
^
tests/test_physics.cpp:3:0: information: Include file: <Kokkos_Core.hpp> not found. Please note: Cppcheck does not need standard library headers to get proper results. [missingIncludeSystem]
#include <Kokkos_Core.hpp>
^
src/io/aces_diagnostic_writer.cpp:11:0: information: Unmatched suppression: unusedFunction [unmatchedSuppression]
DualView3D AcesDiagnosticManager::RegisterDiagnostic(const std::string& name,
^
nofile:0:0: information: Active checkers: There was critical errors (use --checkers-report=<filename> to see details) [checkersReport]
